<?xml version="1.0" encoding="UTF-8"?>
<!-- Generated by org.testng.reporters.JUnitReportReporter -->
<testsuite skipped="0" hostname="Ban-1Anchoudhary-Lt" name="testingwithjava.testingclass" tests="1" failures="0" timestamp="24 Aug 2018 09:26:02 GMT" time="0.028" errors="0">
  <testcase name="test" time="0.028" classname="testingwithjava.testingclass"/>
</testsuite> <!-- testingwithjava.testingclass -->
